2025-04-12 00:04:13,582 [INFO] Starting taxonomic profiling process with MetaPhlAn.
2025-04-12 00:04:13,583 [INFO] Project base directory: /mnt/b/CMR_v1
2025-04-12 00:04:13,583 [INFO] Dataset base directory: /mnt/b/CMR_v1/SG_datasets
2025-04-12 00:04:13,583 [INFO] MetaPhlAn DB directory: /home/haig/miniconda3/envs/metagenomics/lib/python3.9/site-packages/metaphlan/metaphlan_databases
2025-04-12 00:04:13,584 [INFO] Log file: /mnt/b/CMR_v1/taxonomic_profiling.log
2025-04-12 00:04:13,585 [INFO] Found 1 dataset directories to process:
2025-04-12 00:04:13,585 [INFO] - SG_80_Mouzan
2025-04-12 00:04:13,585 [INFO] --- Processing Dataset: SG_80_Mouzan ---
2025-04-12 00:04:13,588 [INFO] Output directory: /mnt/b/CMR_v1/SG_datasets/SG_80_Mouzan/metaphlan_outputs
2025-04-12 00:04:13,591 [INFO] Found 80 potential R1 files in /mnt/b/CMR_v1/SG_datasets/SG_80_Mouzan/host_removed_fastqs
2025-04-12 00:04:13,671 [INFO] Identified 80 valid FASTQ pairs for profiling.
2025-04-12 00:04:13,671 [INFO] Processing sample: SRR15595244
2025-04-12 00:04:13,671 [INFO] Running MetaPhlAn for SRR15595244...
2025-04-12 00:08:38,912 [INFO] MetaPhlAn completed successfully for SRR15595244.
2025-04-12 00:08:38,921 [INFO] Processing sample: SRR15595245
2025-04-12 00:08:38,921 [INFO] Running MetaPhlAn for SRR15595245...
2025-04-12 00:16:14,664 [INFO] MetaPhlAn completed successfully for SRR15595245.
2025-04-12 00:16:14,682 [INFO] Processing sample: SRR15595246
2025-04-12 00:16:14,682 [INFO] Running MetaPhlAn for SRR15595246...
2025-04-12 00:30:43,860 [INFO] MetaPhlAn completed successfully for SRR15595246.
2025-04-12 00:30:43,874 [INFO] Processing sample: SRR15595247
2025-04-12 00:30:43,874 [INFO] Running MetaPhlAn for SRR15595247...
2025-04-12 00:33:04,057 [INFO] MetaPhlAn completed successfully for SRR15595247.
2025-04-12 00:33:04,060 [INFO] Processing sample: SRR15595248
2025-04-12 00:33:04,061 [INFO] Running MetaPhlAn for SRR15595248...
2025-04-12 00:40:20,538 [INFO] MetaPhlAn completed successfully for SRR15595248.
2025-04-12 00:40:20,548 [INFO] Processing sample: SRR15595249
2025-04-12 00:40:20,548 [INFO] Running MetaPhlAn for SRR15595249...
2025-04-12 00:48:19,053 [INFO] MetaPhlAn completed successfully for SRR15595249.
2025-04-12 00:48:19,061 [INFO] Processing sample: SRR15595250
2025-04-12 00:48:19,061 [INFO] Running MetaPhlAn for SRR15595250...
2025-04-12 01:03:03,561 [INFO] MetaPhlAn completed successfully for SRR15595250.
2025-04-12 01:03:03,579 [INFO] Processing sample: SRR15595251
2025-04-12 01:03:03,579 [INFO] Running MetaPhlAn for SRR15595251...
2025-04-12 01:04:54,073 [INFO] MetaPhlAn completed successfully for SRR15595251.
2025-04-12 01:04:54,076 [INFO] Processing sample: SRR15595252
2025-04-12 01:04:54,076 [INFO] Running MetaPhlAn for SRR15595252...
2025-04-12 01:09:26,646 [INFO] MetaPhlAn completed successfully for SRR15595252.
2025-04-12 01:09:26,653 [INFO] Processing sample: SRR15595253
2025-04-12 01:09:26,653 [INFO] Running MetaPhlAn for SRR15595253...
2025-04-12 01:27:58,599 [INFO] MetaPhlAn completed successfully for SRR15595253.
2025-04-12 01:27:58,618 [INFO] Processing sample: SRR15595254
2025-04-12 01:27:58,618 [INFO] Running MetaPhlAn for SRR15595254...
2025-04-12 01:33:44,774 [INFO] MetaPhlAn completed successfully for SRR15595254.
2025-04-12 01:33:44,782 [INFO] Processing sample: SRR15595255
2025-04-12 01:33:44,782 [INFO] Running MetaPhlAn for SRR15595255...
2025-04-12 01:48:27,355 [INFO] MetaPhlAn completed successfully for SRR15595255.
2025-04-12 01:48:27,369 [INFO] Processing sample: SRR15595256
2025-04-12 01:48:27,369 [INFO] Running MetaPhlAn for SRR15595256...
2025-04-12 01:52:00,320 [INFO] MetaPhlAn completed successfully for SRR15595256.
2025-04-12 01:52:00,324 [INFO] Processing sample: SRR15595257
2025-04-12 01:52:00,324 [INFO] Running MetaPhlAn for SRR15595257...
2025-04-12 02:03:29,280 [INFO] MetaPhlAn completed successfully for SRR15595257.
2025-04-12 02:03:29,295 [INFO] Processing sample: SRR15595259
2025-04-12 02:03:29,296 [INFO] Running MetaPhlAn for SRR15595259...
2025-04-12 02:08:21,845 [INFO] MetaPhlAn completed successfully for SRR15595259.
2025-04-12 02:08:21,855 [INFO] Processing sample: SRR15595261
2025-04-12 02:08:21,855 [INFO] Running MetaPhlAn for SRR15595261...
2025-04-12 02:11:54,622 [INFO] MetaPhlAn completed successfully for SRR15595261.
2025-04-12 02:11:54,628 [INFO] Processing sample: SRR15595263
2025-04-12 02:11:54,628 [INFO] Running MetaPhlAn for SRR15595263...
2025-04-12 02:14:29,468 [INFO] MetaPhlAn completed successfully for SRR15595263.
2025-04-12 02:14:29,472 [INFO] Processing sample: SRR15595265
2025-04-12 02:14:29,472 [INFO] Running MetaPhlAn for SRR15595265...
2025-04-12 02:19:14,155 [INFO] MetaPhlAn completed successfully for SRR15595265.
2025-04-12 02:19:14,161 [INFO] Processing sample: SRR15595267
2025-04-12 02:19:14,161 [INFO] Running MetaPhlAn for SRR15595267...
2025-04-12 02:24:19,338 [INFO] MetaPhlAn completed successfully for SRR15595267.
2025-04-12 02:24:19,344 [INFO] Processing sample: SRR15595269
2025-04-12 02:24:19,344 [INFO] Running MetaPhlAn for SRR15595269...
2025-04-12 02:33:44,905 [INFO] MetaPhlAn completed successfully for SRR15595269.
2025-04-12 02:33:44,922 [INFO] Processing sample: SRR15595271
2025-04-12 02:33:44,922 [INFO] Running MetaPhlAn for SRR15595271...
2025-04-12 02:46:17,550 [INFO] MetaPhlAn completed successfully for SRR15595271.
2025-04-12 02:46:17,560 [INFO] Processing sample: SRR15595273
2025-04-12 02:46:17,561 [INFO] Running MetaPhlAn for SRR15595273...
2025-04-12 02:53:09,221 [INFO] MetaPhlAn completed successfully for SRR15595273.
2025-04-12 02:53:09,229 [INFO] Processing sample: SRR15595275
2025-04-12 02:53:09,229 [INFO] Running MetaPhlAn for SRR15595275...
2025-04-12 03:01:27,117 [INFO] MetaPhlAn completed successfully for SRR15595275.
2025-04-12 03:01:27,374 [INFO] Processing sample: SRR15595277
2025-04-12 03:01:27,375 [INFO] Running MetaPhlAn for SRR15595277...
2025-04-12 03:11:04,980 [INFO] MetaPhlAn completed successfully for SRR15595277.
2025-04-12 03:11:04,994 [INFO] Processing sample: SRR15595279
2025-04-12 03:11:04,994 [INFO] Running MetaPhlAn for SRR15595279...
2025-04-12 03:21:45,153 [INFO] MetaPhlAn completed successfully for SRR15595279.
2025-04-12 03:21:45,168 [INFO] Processing sample: SRR15595281
2025-04-12 03:21:45,168 [INFO] Running MetaPhlAn for SRR15595281...
2025-04-12 03:31:41,913 [INFO] MetaPhlAn completed successfully for SRR15595281.
2025-04-12 03:31:41,931 [INFO] Processing sample: SRR15595283
2025-04-12 03:31:41,932 [INFO] Running MetaPhlAn for SRR15595283...
2025-04-12 03:38:16,908 [INFO] MetaPhlAn completed successfully for SRR15595283.
2025-04-12 03:38:16,923 [INFO] Processing sample: SRR15595285
2025-04-12 03:38:16,923 [INFO] Running MetaPhlAn for SRR15595285...
2025-04-12 03:44:55,559 [INFO] MetaPhlAn completed successfully for SRR15595285.
2025-04-12 03:44:55,570 [INFO] Processing sample: SRR15595287
2025-04-12 03:44:55,570 [INFO] Running MetaPhlAn for SRR15595287...
2025-04-12 03:46:42,204 [INFO] MetaPhlAn completed successfully for SRR15595287.
2025-04-12 03:46:42,207 [INFO] Processing sample: SRR15595289
2025-04-12 03:46:42,207 [INFO] Running MetaPhlAn for SRR15595289...
2025-04-12 03:51:55,836 [INFO] MetaPhlAn completed successfully for SRR15595289.
2025-04-12 03:51:55,849 [INFO] Processing sample: SRR15595291
2025-04-12 03:51:55,849 [INFO] Running MetaPhlAn for SRR15595291...
2025-04-12 03:53:25,527 [INFO] MetaPhlAn completed successfully for SRR15595291.
2025-04-12 03:53:25,530 [INFO] Processing sample: SRR15595293
2025-04-12 03:53:25,530 [INFO] Running MetaPhlAn for SRR15595293...
2025-04-12 03:58:06,579 [INFO] MetaPhlAn completed successfully for SRR15595293.
2025-04-12 03:58:06,586 [INFO] Processing sample: SRR15595295
2025-04-12 03:58:06,586 [INFO] Running MetaPhlAn for SRR15595295...
2025-04-12 04:13:37,771 [INFO] MetaPhlAn completed successfully for SRR15595295.
2025-04-12 04:13:37,800 [INFO] Processing sample: SRR15595297
2025-04-12 04:13:37,801 [INFO] Running MetaPhlAn for SRR15595297...
2025-04-12 04:20:04,482 [INFO] MetaPhlAn completed successfully for SRR15595297.
2025-04-12 04:20:04,491 [INFO] Processing sample: SRR15595299
2025-04-12 04:20:04,492 [INFO] Running MetaPhlAn for SRR15595299...
2025-04-12 04:22:32,524 [INFO] MetaPhlAn completed successfully for SRR15595299.
2025-04-12 04:22:32,528 [INFO] Processing sample: SRR15595301
2025-04-12 04:22:32,528 [INFO] Running MetaPhlAn for SRR15595301...
2025-04-12 04:32:33,613 [INFO] MetaPhlAn completed successfully for SRR15595301.
2025-04-12 04:32:33,633 [INFO] Processing sample: SRR15595303
2025-04-12 04:32:33,633 [INFO] Running MetaPhlAn for SRR15595303...
2025-04-12 04:42:21,342 [INFO] MetaPhlAn completed successfully for SRR15595303.
2025-04-12 04:42:21,351 [INFO] Processing sample: SRR15595305
2025-04-12 04:42:21,351 [INFO] Running MetaPhlAn for SRR15595305...
2025-04-12 04:48:12,425 [INFO] MetaPhlAn completed successfully for SRR15595305.
2025-04-12 04:48:12,434 [INFO] Processing sample: SRR15595307
2025-04-12 04:48:12,435 [INFO] Running MetaPhlAn for SRR15595307...
2025-04-12 04:58:17,791 [INFO] MetaPhlAn completed successfully for SRR15595307.
2025-04-12 04:58:17,802 [INFO] Processing sample: SRR15595309
2025-04-12 04:58:17,803 [INFO] Running MetaPhlAn for SRR15595309...
2025-04-12 05:01:32,424 [INFO] MetaPhlAn completed successfully for SRR15595309.
2025-04-12 05:01:32,430 [INFO] Processing sample: SRR15595311
2025-04-12 05:01:32,430 [INFO] Running MetaPhlAn for SRR15595311...
2025-04-12 05:05:31,324 [INFO] MetaPhlAn completed successfully for SRR15595311.
2025-04-12 05:05:31,333 [INFO] Processing sample: SRR15595313
2025-04-12 05:05:31,333 [INFO] Running MetaPhlAn for SRR15595313...
2025-04-12 05:12:25,066 [INFO] MetaPhlAn completed successfully for SRR15595313.
2025-04-12 05:12:25,077 [INFO] Processing sample: SRR15595315
2025-04-12 05:12:25,078 [INFO] Running MetaPhlAn for SRR15595315...
2025-04-12 05:15:50,951 [INFO] MetaPhlAn completed successfully for SRR15595315.
2025-04-12 05:15:50,964 [INFO] Processing sample: SRR15595317
2025-04-12 05:15:50,964 [INFO] Running MetaPhlAn for SRR15595317...
2025-04-12 05:17:35,826 [INFO] MetaPhlAn completed successfully for SRR15595317.
2025-04-12 05:17:35,829 [INFO] Processing sample: SRR15595318
2025-04-12 05:17:35,829 [INFO] Running MetaPhlAn for SRR15595318...
2025-04-12 05:20:12,254 [INFO] MetaPhlAn completed successfully for SRR15595318.
2025-04-12 05:20:12,258 [INFO] Processing sample: SRR15595319
2025-04-12 05:20:12,258 [INFO] Running MetaPhlAn for SRR15595319...
2025-04-12 05:23:56,626 [INFO] MetaPhlAn completed successfully for SRR15595319.
2025-04-12 05:23:56,633 [INFO] Processing sample: SRR15595320
2025-04-12 05:23:56,633 [INFO] Running MetaPhlAn for SRR15595320...
2025-04-12 05:26:18,302 [INFO] MetaPhlAn completed successfully for SRR15595320.
2025-04-12 05:26:18,305 [INFO] Processing sample: SRR15595321
2025-04-12 05:26:18,305 [INFO] Running MetaPhlAn for SRR15595321...
2025-04-12 05:29:40,254 [INFO] MetaPhlAn completed successfully for SRR15595321.
2025-04-12 05:29:40,257 [INFO] Processing sample: SRR15595322
2025-04-12 05:29:40,257 [INFO] Running MetaPhlAn for SRR15595322...
2025-04-12 05:31:16,182 [INFO] MetaPhlAn completed successfully for SRR15595322.
2025-04-12 05:31:16,186 [INFO] Processing sample: SRR15595323
2025-04-12 05:31:16,186 [INFO] Running MetaPhlAn for SRR15595323...
2025-04-12 05:33:11,674 [INFO] MetaPhlAn completed successfully for SRR15595323.
2025-04-12 05:33:11,678 [INFO] Processing sample: SRR15595324
2025-04-12 05:33:11,678 [INFO] Running MetaPhlAn for SRR15595324...
2025-04-12 05:35:45,905 [INFO] MetaPhlAn completed successfully for SRR15595324.
2025-04-12 05:35:45,908 [INFO] Processing sample: SRR15595325
2025-04-12 05:35:45,909 [INFO] Running MetaPhlAn for SRR15595325...
2025-04-12 05:37:04,894 [INFO] MetaPhlAn completed successfully for SRR15595325.
2025-04-12 05:37:04,898 [INFO] Processing sample: SRR15595326
2025-04-12 05:37:04,898 [INFO] Running MetaPhlAn for SRR15595326...
2025-04-12 05:38:53,222 [INFO] MetaPhlAn completed successfully for SRR15595326.
2025-04-12 05:38:53,226 [INFO] Processing sample: SRR15595327
2025-04-12 05:38:53,226 [INFO] Running MetaPhlAn for SRR15595327...
2025-04-12 05:40:33,131 [INFO] MetaPhlAn completed successfully for SRR15595327.
2025-04-12 05:40:33,134 [INFO] Processing sample: SRR15595328
2025-04-12 05:40:33,135 [INFO] Running MetaPhlAn for SRR15595328...
2025-04-12 05:42:12,450 [INFO] MetaPhlAn completed successfully for SRR15595328.
2025-04-12 05:42:12,454 [INFO] Processing sample: SRR15595329
2025-04-12 05:42:12,454 [INFO] Running MetaPhlAn for SRR15595329...
2025-04-12 05:43:57,092 [INFO] MetaPhlAn completed successfully for SRR15595329.
2025-04-12 05:43:57,095 [INFO] Processing sample: SRR15595330
2025-04-12 05:43:57,096 [INFO] Running MetaPhlAn for SRR15595330...
2025-04-12 05:48:18,528 [INFO] MetaPhlAn completed successfully for SRR15595330.
2025-04-12 05:48:18,539 [INFO] Processing sample: SRR15595331
2025-04-12 05:48:18,539 [INFO] Running MetaPhlAn for SRR15595331...
2025-04-12 05:50:29,736 [INFO] MetaPhlAn completed successfully for SRR15595331.
2025-04-12 05:50:29,740 [INFO] Processing sample: SRR15595332
2025-04-12 05:50:29,740 [INFO] Running MetaPhlAn for SRR15595332...
2025-04-12 05:52:47,819 [INFO] MetaPhlAn completed successfully for SRR15595332.
2025-04-12 05:52:47,822 [INFO] Processing sample: SRR15595333
2025-04-12 05:52:47,823 [INFO] Running MetaPhlAn for SRR15595333...
2025-04-12 05:55:01,129 [INFO] MetaPhlAn completed successfully for SRR15595333.
2025-04-12 05:55:01,133 [INFO] Processing sample: SRR15595334
2025-04-12 05:55:01,133 [INFO] Running MetaPhlAn for SRR15595334...
2025-04-12 05:57:11,053 [INFO] MetaPhlAn completed successfully for SRR15595334.
2025-04-12 05:57:11,056 [INFO] Processing sample: SRR15595335
2025-04-12 05:57:11,056 [INFO] Running MetaPhlAn for SRR15595335...
2025-04-12 05:59:22,900 [INFO] MetaPhlAn completed successfully for SRR15595335.
2025-04-12 05:59:22,902 [INFO] Processing sample: SRR15595336
2025-04-12 05:59:22,903 [INFO] Running MetaPhlAn for SRR15595336...
2025-04-12 06:02:27,644 [INFO] MetaPhlAn completed successfully for SRR15595336.
2025-04-12 06:02:27,647 [INFO] Processing sample: SRR15595337
2025-04-12 06:02:27,647 [INFO] Running MetaPhlAn for SRR15595337...
2025-04-12 06:05:00,961 [INFO] MetaPhlAn completed successfully for SRR15595337.
2025-04-12 06:05:00,964 [INFO] Processing sample: SRR15595338
2025-04-12 06:05:00,964 [INFO] Running MetaPhlAn for SRR15595338...
2025-04-12 06:06:54,613 [INFO] MetaPhlAn completed successfully for SRR15595338.
2025-04-12 06:06:54,617 [INFO] Processing sample: SRR15595339
2025-04-12 06:06:54,617 [INFO] Running MetaPhlAn for SRR15595339...
2025-04-12 06:09:17,236 [INFO] MetaPhlAn completed successfully for SRR15595339.
2025-04-12 06:09:17,238 [INFO] Processing sample: SRR15595340
2025-04-12 06:09:17,239 [INFO] Running MetaPhlAn for SRR15595340...
2025-04-12 06:12:20,454 [INFO] MetaPhlAn completed successfully for SRR15595340.
2025-04-12 06:12:20,458 [INFO] Processing sample: SRR15595341
2025-04-12 06:12:20,458 [INFO] Running MetaPhlAn for SRR15595341...
2025-04-12 06:17:39,166 [INFO] MetaPhlAn completed successfully for SRR15595341.
2025-04-12 06:17:39,172 [INFO] Processing sample: SRR15595342
2025-04-12 06:17:39,172 [INFO] Running MetaPhlAn for SRR15595342...
2025-04-12 06:20:01,540 [INFO] MetaPhlAn completed successfully for SRR15595342.
2025-04-12 06:20:01,544 [INFO] Processing sample: SRR15595343
2025-04-12 06:20:01,544 [INFO] Running MetaPhlAn for SRR15595343...
2025-04-12 06:23:33,947 [INFO] MetaPhlAn completed successfully for SRR15595343.
2025-04-12 06:23:33,950 [INFO] Processing sample: SRR15595344
2025-04-12 06:23:33,950 [INFO] Running MetaPhlAn for SRR15595344...
2025-04-12 06:25:46,740 [INFO] MetaPhlAn completed successfully for SRR15595344.
2025-04-12 06:25:46,744 [INFO] Processing sample: SRR15595345
2025-04-12 06:25:46,744 [INFO] Running MetaPhlAn for SRR15595345...
2025-04-12 06:27:47,793 [INFO] MetaPhlAn completed successfully for SRR15595345.
2025-04-12 06:27:47,796 [INFO] Processing sample: SRR15595346
2025-04-12 06:27:47,796 [INFO] Running MetaPhlAn for SRR15595346...
2025-04-12 06:30:13,463 [INFO] MetaPhlAn completed successfully for SRR15595346.
2025-04-12 06:30:13,466 [INFO] Processing sample: SRR15595347
2025-04-12 06:30:13,466 [INFO] Running MetaPhlAn for SRR15595347...
2025-04-12 06:32:22,740 [INFO] MetaPhlAn completed successfully for SRR15595347.
2025-04-12 06:32:22,744 [INFO] Processing sample: SRR15595348
2025-04-12 06:32:22,744 [INFO] Running MetaPhlAn for SRR15595348...
2025-04-12 06:34:18,830 [INFO] MetaPhlAn completed successfully for SRR15595348.
2025-04-12 06:34:18,833 [INFO] Processing sample: SRR15595349
2025-04-12 06:34:18,833 [INFO] Running MetaPhlAn for SRR15595349...
2025-04-12 06:36:49,760 [INFO] MetaPhlAn completed successfully for SRR15595349.
2025-04-12 06:36:49,763 [INFO] Processing sample: SRR15595350
2025-04-12 06:36:49,763 [INFO] Running MetaPhlAn for SRR15595350...
2025-04-12 06:44:47,577 [INFO] MetaPhlAn completed successfully for SRR15595350.
2025-04-12 06:44:47,587 [INFO] Processing sample: SRR15595351
2025-04-12 06:44:47,587 [INFO] Running MetaPhlAn for SRR15595351...
2025-04-12 06:47:52,740 [INFO] MetaPhlAn completed successfully for SRR15595351.
2025-04-12 06:47:52,744 [INFO] Processing sample: SRR15595352
2025-04-12 06:47:52,744 [INFO] Running MetaPhlAn for SRR15595352...
2025-04-12 06:49:56,334 [INFO] MetaPhlAn completed successfully for SRR15595352.
2025-04-12 06:49:56,337 [INFO] Processing sample: SRR15595353
2025-04-12 06:49:56,337 [INFO] Running MetaPhlAn for SRR15595353...
2025-04-12 06:52:02,511 [INFO] MetaPhlAn completed successfully for SRR15595353.
2025-04-12 06:52:02,514 [INFO] Attempting to merge profiles for dataset SG_80_Mouzan...
2025-04-12 06:52:02,516 [INFO] Merging 80 MetaPhlAn profiles for dataset SG_80_Mouzan...
2025-04-12 06:52:04,728 [INFO] Successfully merged profiles to: /mnt/b/CMR_v1/SG_datasets/SG_80_Mouzan/merged_taxonomic_profile.tsv
2025-04-12 06:52:04,728 [INFO] --- Taxonomic Profiling Summary ---
2025-04-12 06:52:04,728 [INFO] All specified datasets processed and profiles merged successfully.
2025-04-12 06:52:04,728 [INFO] Taxonomic profiling process finished. Log saved to: /mnt/b/CMR_v1/taxonomic_profiling.log
