Warning: skipping mate #1 of read 'SRR15595335.950264 950264 length=151' because length (1) <= # seed mismatches (0)
Warning: skipping mate #1 of read 'SRR15595335.950264 950264 length=151' because it was < 2 characters long
Warning: skipping mate #2 of read 'SRR15595335.4755456 4755456 length=151' because length (1) <= # seed mismatches (0)
Warning: skipping mate #2 of read 'SRR15595335.4755456 4755456 length=151' because it was < 2 characters long
Warning: skipping mate #2 of read 'SRR15595335.10378073 10378073 length=151' because length (1) <= # seed mismatches (0)
Warning: skipping mate #2 of read 'SRR15595335.10378073 10378073 length=151' because it was < 2 characters long
Warning: skipping mate #2 of read 'SRR15595335.11586022 11586022 length=151' because length (1) <= # seed mismatches (0)
Warning: skipping mate #2 of read 'SRR15595335.11586022 11586022 length=151' because it was < 2 characters long
17320735 reads; of these:
  17320735 (100.00%) were paired; of these:
    2295776 (13.25%) aligned concordantly 0 times
    8283742 (47.83%) aligned concordantly exactly 1 time
    6741217 (38.92%) aligned concordantly >1 times
    ----
    2295776 pairs aligned concordantly 0 times; of these:
      1100213 (47.92%) aligned discordantly 1 time
    ----
    1195563 pairs aligned 0 times concordantly or discordantly; of these:
      2391126 mates make up the pairs; of these:
        156943 (6.56%) aligned 0 times
        635077 (26.56%) aligned exactly 1 time
        1599106 (66.88%) aligned >1 times
99.55% overall alignment rate
