Warning: skipping mate #2 of read 'SRR15595255.1099176 1099176 length=151' because length (1) <= # seed mismatches (0)
Warning: skipping mate #2 of read 'SRR15595255.1099176 1099176 length=151' because it was < 2 characters long
Warning: skipping mate #2 of read 'SRR15595255.1364765 1364765 length=151' because length (1) <= # seed mismatches (0)
Warning: skipping mate #2 of read 'SRR15595255.1364765 1364765 length=151' because it was < 2 characters long
Warning: skipping mate #2 of read 'SRR15595255.3403046 3403046 length=151' because length (1) <= # seed mismatches (0)
Warning: skipping mate #2 of read 'SRR15595255.3404088 3404088 length=151' because length (1) <= # seed mismatches (0)
Warning: skipping mate #2 of read 'SRR15595255.3404088 3404088 length=151' because it was < 2 characters long
Warning: skipping mate #2 of read 'SRR15595255.3403046 3403046 length=151' because it was < 2 characters long
Warning: skipping mate #2 of read 'SRR15595255.3488822 3488822 length=151' because length (1) <= # seed mismatches (0)
Warning: skipping mate #2 of read 'SRR15595255.3488822 3488822 length=151' because it was < 2 characters long
Warning: skipping mate #2 of read 'SRR15595255.3813105 3813105 length=151' because length (1) <= # seed mismatches (0)
Warning: skipping mate #2 of read 'SRR15595255.3813105 3813105 length=151' because it was < 2 characters long
Warning: skipping mate #2 of read 'SRR15595255.3929587 3929587 length=151' because length (1) <= # seed mismatches (0)
Warning: skipping mate #2 of read 'SRR15595255.3929587 3929587 length=151' because it was < 2 characters long
Warning: skipping mate #2 of read 'SRR15595255.5199447 5199447 length=151' because length (1) <= # seed mismatches (0)
Warning: skipping mate #2 of read 'SRR15595255.5199447 5199447 length=151' because it was < 2 characters long
Warning: skipping mate #2 of read 'SRR15595255.6921689 6921689 length=151' because length (1) <= # seed mismatches (0)
Warning: skipping mate #2 of read 'SRR15595255.6921689 6921689 length=151' because it was < 2 characters long
Warning: skipping mate #2 of read 'SRR15595255.7783835 7783835 length=151' because length (1) <= # seed mismatches (0)
Warning: skipping mate #2 of read 'SRR15595255.7783835 7783835 length=151' because it was < 2 characters long
Warning: skipping mate #2 of read 'SRR15595255.9668379 9668379 length=151' because length (1) <= # seed mismatches (0)
Warning: skipping mate #2 of read 'SRR15595255.9668379 9668379 length=151' because it was < 2 characters long
Warning: skipping mate #2 of read 'SRR15595255.11667072 11667072 length=151' because length (1) <= # seed mismatches (0)
Warning: skipping mate #2 of read 'SRR15595255.11667072 11667072 length=151' because it was < 2 characters long
Warning: skipping mate #2 of read 'SRR15595255.13211473 13211473 length=151' because length (1) <= # seed mismatches (0)
Warning: skipping mate #2 of read 'SRR15595255.13211473 13211473 length=151' because it was < 2 characters long
Warning: skipping mate #2 of read 'SRR15595255.14640489 14640489 length=151' because length (1) <= # seed mismatches (0)
Warning: skipping mate #2 of read 'SRR15595255.14640489 14640489 length=151' because it was < 2 characters long
Warning: skipping mate #2 of read 'SRR15595255.15011081 15011081 length=151' because length (1) <= # seed mismatches (0)
Warning: skipping mate #2 of read 'SRR15595255.15011081 15011081 length=151' because it was < 2 characters long
Warning: skipping mate #2 of read 'SRR15595255.15275650 15275650 length=151' because length (1) <= # seed mismatches (0)
Warning: skipping mate #2 of read 'SRR15595255.15275650 15275650 length=151' because it was < 2 characters long
Warning: skipping mate #2 of read 'SRR15595255.17289047 17289047 length=151' because length (1) <= # seed mismatches (0)
Warning: skipping mate #2 of read 'SRR15595255.17289047 17289047 length=151' because it was < 2 characters long
Warning: skipping mate #2 of read 'SRR15595255.20158356 20158356 length=151' because length (1) <= # seed mismatches (0)
Warning: skipping mate #2 of read 'SRR15595255.20158356 20158356 length=151' because it was < 2 characters long
Warning: skipping mate #2 of read 'SRR15595255.20859399 20859399 length=151' because length (1) <= # seed mismatches (0)
Warning: skipping mate #2 of read 'SRR15595255.20859399 20859399 length=151' because it was < 2 characters long
21290598 reads; of these:
  21290598 (100.00%) were paired; of these:
    21288779 (99.99%) aligned concordantly 0 times
    786 (0.00%) aligned concordantly exactly 1 time
    1033 (0.00%) aligned concordantly >1 times
    ----
    21288779 pairs aligned concordantly 0 times; of these:
      25 (0.00%) aligned discordantly 1 time
    ----
    21288754 pairs aligned 0 times concordantly or discordantly; of these:
      42577508 mates make up the pairs; of these:
        42576136 (100.00%) aligned 0 times
        636 (0.00%) aligned exactly 1 time
        736 (0.00%) aligned >1 times
0.01% overall alignment rate
