Warning: skipping mate #2 of read 'SRR15595318.305233 305233 length=151' because length (1) <= # seed mismatches (0)
Warning: skipping mate #2 of read 'SRR15595318.305233 305233 length=151' because it was < 2 characters long
Warning: skipping mate #2 of read 'SRR15595318.747708 747708 length=151' because length (1) <= # seed mismatches (0)
Warning: skipping mate #2 of read 'SRR15595318.747708 747708 length=151' because it was < 2 characters long
Warning: skipping mate #2 of read 'SRR15595318.4896078 4896078 length=151' because length (1) <= # seed mismatches (0)
Warning: skipping mate #2 of read 'SRR15595318.4896078 4896078 length=151' because it was < 2 characters long
Warning: skipping mate #2 of read 'SRR15595318.5804843 5804843 length=151' because length (1) <= # seed mismatches (0)
Warning: skipping mate #2 of read 'SRR15595318.5804843 5804843 length=151' because it was < 2 characters long
Warning: skipping mate #2 of read 'SRR15595318.6354497 6354497 length=151' because length (1) <= # seed mismatches (0)
Warning: skipping mate #2 of read 'SRR15595318.6354497 6354497 length=151' because it was < 2 characters long
Warning: skipping mate #2 of read 'SRR15595318.7049467 7049467 length=151' because length (1) <= # seed mismatches (0)
Warning: skipping mate #2 of read 'SRR15595318.7049467 7049467 length=151' because it was < 2 characters long
Warning: skipping mate #2 of read 'SRR15595318.7333307 7333307 length=151' because length (1) <= # seed mismatches (0)
Warning: skipping mate #2 of read 'SRR15595318.7333307 7333307 length=151' because it was < 2 characters long
Warning: skipping mate #2 of read 'SRR15595318.7559605 7559605 length=151' because length (1) <= # seed mismatches (0)
Warning: skipping mate #2 of read 'SRR15595318.7559605 7559605 length=151' because it was < 2 characters long
Warning: skipping mate #2 of read 'SRR15595318.8172331 8172331 length=151' because length (1) <= # seed mismatches (0)
Warning: skipping mate #2 of read 'SRR15595318.8172331 8172331 length=151' because it was < 2 characters long
Warning: skipping mate #2 of read 'SRR15595318.8751874 8751874 length=151' because length (1) <= # seed mismatches (0)
Warning: skipping mate #2 of read 'SRR15595318.8751874 8751874 length=151' because it was < 2 characters long
Warning: skipping mate #2 of read 'SRR15595318.9211563 9211563 length=151' because length (1) <= # seed mismatches (0)
Warning: skipping mate #2 of read 'SRR15595318.9211563 9211563 length=151' because it was < 2 characters long
Warning: skipping mate #2 of read 'SRR15595318.11465349 11465349 length=151' because length (1) <= # seed mismatches (0)
Warning: skipping mate #2 of read 'SRR15595318.11465349 11465349 length=151' because it was < 2 characters long
Warning: skipping mate #2 of read 'SRR15595318.11779088 11779088 length=151' because length (1) <= # seed mismatches (0)
Warning: skipping mate #2 of read 'SRR15595318.11779088 11779088 length=151' because it was < 2 characters long
15493818 reads; of these:
  15493818 (100.00%) were paired; of these:
    3152450 (20.35%) aligned concordantly 0 times
    6750263 (43.57%) aligned concordantly exactly 1 time
    5591105 (36.09%) aligned concordantly >1 times
    ----
    3152450 pairs aligned concordantly 0 times; of these:
      1460084 (46.32%) aligned discordantly 1 time
    ----
    1692366 pairs aligned 0 times concordantly or discordantly; of these:
      3384732 mates make up the pairs; of these:
        230843 (6.82%) aligned 0 times
        914024 (27.00%) aligned exactly 1 time
        2239865 (66.18%) aligned >1 times
99.26% overall alignment rate
