Warning: skipping mate #2 of read 'SRR15595248.666853 666853 length=151' because length (1) <= # seed mismatches (0)
Warning: skipping mate #2 of read 'SRR15595248.666853 666853 length=151' because it was < 2 characters long
Warning: skipping mate #2 of read 'SRR15595248.1651746 1651746 length=151' because length (1) <= # seed mismatches (0)
Warning: skipping mate #2 of read 'SRR15595248.1651746 1651746 length=151' because it was < 2 characters long
Warning: skipping mate #2 of read 'SRR15595248.1691874 1691874 length=151' because length (1) <= # seed mismatches (0)
Warning: skipping mate #2 of read 'SRR15595248.1691874 1691874 length=151' because it was < 2 characters long
Warning: skipping mate #2 of read 'SRR15595248.2410692 2410692 length=151' because length (1) <= # seed mismatches (0)
Warning: skipping mate #2 of read 'SRR15595248.2410692 2410692 length=151' because it was < 2 characters long
Warning: skipping mate #2 of read 'SRR15595248.2461432 2461432 length=151' because length (1) <= # seed mismatches (0)
Warning: skipping mate #2 of read 'SRR15595248.2461432 2461432 length=151' because it was < 2 characters long
Warning: skipping mate #2 of read 'SRR15595248.2615352 2615352 length=151' because length (1) <= # seed mismatches (0)
Warning: skipping mate #2 of read 'SRR15595248.2615352 2615352 length=151' because it was < 2 characters long
Warning: skipping mate #2 of read 'SRR15595248.2625423 2625423 length=151' because length (1) <= # seed mismatches (0)
Warning: skipping mate #2 of read 'SRR15595248.2625423 2625423 length=151' because it was < 2 characters long
Warning: skipping mate #2 of read 'SRR15595248.3563168 3563168 length=151' because length (1) <= # seed mismatches (0)
Warning: skipping mate #2 of read 'SRR15595248.3563168 3563168 length=151' because it was < 2 characters long
Warning: skipping mate #2 of read 'SRR15595248.3877167 3877167 length=151' because length (1) <= # seed mismatches (0)
Warning: skipping mate #2 of read 'SRR15595248.3877167 3877167 length=151' because it was < 2 characters long
Warning: skipping mate #2 of read 'SRR15595248.4840117 4840117 length=151' because length (1) <= # seed mismatches (0)
Warning: skipping mate #2 of read 'SRR15595248.4840117 4840117 length=151' because it was < 2 characters long
Warning: skipping mate #2 of read 'SRR15595248.5676371 5676371 length=151' because length (1) <= # seed mismatches (0)
Warning: skipping mate #2 of read 'SRR15595248.5676371 5676371 length=151' because it was < 2 characters long
Warning: skipping mate #2 of read 'SRR15595248.6421838 6421838 length=151' because length (1) <= # seed mismatches (0)
Warning: skipping mate #2 of read 'SRR15595248.6421838 6421838 length=151' because it was < 2 characters long
Warning: skipping mate #2 of read 'SRR15595248.6508824 6508824 length=151' because length (1) <= # seed mismatches (0)
Warning: skipping mate #2 of read 'SRR15595248.6508824 6508824 length=151' because it was < 2 characters long
Warning: skipping mate #2 of read 'SRR15595248.6585448 6585448 length=151' because length (1) <= # seed mismatches (0)
Warning: skipping mate #2 of read 'SRR15595248.6585448 6585448 length=151' because it was < 2 characters long
Warning: skipping mate #1 of read 'SRR15595248.6969978 6969978 length=151' because length (1) <= # seed mismatches (0)
Warning: skipping mate #1 of read 'SRR15595248.6969978 6969978 length=151' because it was < 2 characters long
Warning: skipping mate #2 of read 'SRR15595248.7569917 7569917 length=151' because length (1) <= # seed mismatches (0)
Warning: skipping mate #2 of read 'SRR15595248.7569917 7569917 length=151' because it was < 2 characters long
Warning: skipping mate #2 of read 'SRR15595248.7946902 7946902 length=151' because length (1) <= # seed mismatches (0)
Warning: skipping mate #2 of read 'SRR15595248.7946902 7946902 length=151' because it was < 2 characters long
Warning: skipping mate #2 of read 'SRR15595248.8577961 8577961 length=151' because length (1) <= # seed mismatches (0)
Warning: skipping mate #2 of read 'SRR15595248.8577961 8577961 length=151' because it was < 2 characters long
8808895 reads; of these:
  8808895 (100.00%) were paired; of these:
    8796916 (99.86%) aligned concordantly 0 times
    6447 (0.07%) aligned concordantly exactly 1 time
    5532 (0.06%) aligned concordantly >1 times
    ----
    8796916 pairs aligned concordantly 0 times; of these:
      265 (0.00%) aligned discordantly 1 time
    ----
    8796651 pairs aligned 0 times concordantly or discordantly; of these:
      17593302 mates make up the pairs; of these:
        17589140 (99.98%) aligned 0 times
        2343 (0.01%) aligned exactly 1 time
        1819 (0.01%) aligned >1 times
0.16% overall alignment rate
