Warning: skipping mate #2 of read 'SRR15595253.1468745 1468745 length=151' because length (1) <= # seed mismatches (0)
Warning: skipping mate #2 of read 'SRR15595253.1468745 1468745 length=151' because it was < 2 characters long
Warning: skipping mate #2 of read 'SRR15595253.4484851 4484851 length=151' because length (1) <= # seed mismatches (0)
Warning: skipping mate #2 of read 'SRR15595253.4484851 4484851 length=151' because it was < 2 characters long
Warning: skipping mate #1 of read 'SRR15595253.5352707 5352707 length=151' because length (1) <= # seed mismatches (0)
Warning: skipping mate #2 of read 'SRR15595253.5352707 5352707 length=151' because length (1) <= # seed mismatches (0)
Warning: skipping mate #1 of read 'SRR15595253.5352707 5352707 length=151' because it was < 2 characters long
Warning: skipping mate #2 of read 'SRR15595253.5352707 5352707 length=151' because it was < 2 characters long
Warning: skipping mate #1 of read 'SRR15595253.5376726 5376726 length=151' because length (1) <= # seed mismatches (0)
Warning: skipping mate #1 of read 'SRR15595253.5376726 5376726 length=151' because it was < 2 characters long
Warning: skipping mate #2 of read 'SRR15595253.5428357 5428357 length=151' because length (1) <= # seed mismatches (0)
Warning: skipping mate #2 of read 'SRR15595253.5428357 5428357 length=151' because it was < 2 characters long
Warning: skipping mate #2 of read 'SRR15595253.5499498 5499498 length=151' because length (1) <= # seed mismatches (0)
Warning: skipping mate #2 of read 'SRR15595253.5499498 5499498 length=151' because it was < 2 characters long
Warning: skipping mate #2 of read 'SRR15595253.7528606 7528606 length=151' because length (1) <= # seed mismatches (0)
Warning: skipping mate #2 of read 'SRR15595253.7528606 7528606 length=151' because it was < 2 characters long
Warning: skipping mate #1 of read 'SRR15595253.7926868 7926868 length=151' because length (1) <= # seed mismatches (0)
Warning: skipping mate #1 of read 'SRR15595253.7926868 7926868 length=151' because it was < 2 characters long
Warning: skipping mate #2 of read 'SRR15595253.9899458 9899458 length=151' because length (1) <= # seed mismatches (0)
Warning: skipping mate #2 of read 'SRR15595253.9899458 9899458 length=151' because it was < 2 characters long
Warning: skipping mate #2 of read 'SRR15595253.10126584 10126584 length=151' because length (1) <= # seed mismatches (0)
Warning: skipping mate #2 of read 'SRR15595253.10126584 10126584 length=151' because it was < 2 characters long
Warning: skipping mate #2 of read 'SRR15595253.13841305 13841305 length=151' because length (1) <= # seed mismatches (0)
Warning: skipping mate #2 of read 'SRR15595253.13841305 13841305 length=151' because it was < 2 characters long
Warning: skipping mate #2 of read 'SRR15595253.14447530 14447530 length=151' because length (1) <= # seed mismatches (0)
Warning: skipping mate #2 of read 'SRR15595253.14447530 14447530 length=151' because it was < 2 characters long
Warning: skipping mate #2 of read 'SRR15595253.17041642 17041642 length=151' because length (1) <= # seed mismatches (0)
Warning: skipping mate #2 of read 'SRR15595253.17041642 17041642 length=151' because it was < 2 characters long
Warning: skipping mate #2 of read 'SRR15595253.22578286 22578286 length=151' because length (1) <= # seed mismatches (0)
Warning: skipping mate #2 of read 'SRR15595253.22578286 22578286 length=151' because it was < 2 characters long
26021234 reads; of these:
  26021234 (100.00%) were paired; of these:
    26014067 (99.97%) aligned concordantly 0 times
    1962 (0.01%) aligned concordantly exactly 1 time
    5205 (0.02%) aligned concordantly >1 times
    ----
    26014067 pairs aligned concordantly 0 times; of these:
      42 (0.00%) aligned discordantly 1 time
    ----
    26014025 pairs aligned 0 times concordantly or discordantly; of these:
      52028050 mates make up the pairs; of these:
        52026029 (100.00%) aligned 0 times
        715 (0.00%) aligned exactly 1 time
        1306 (0.00%) aligned >1 times
0.03% overall alignment rate
