Warning: skipping mate #2 of read 'SRR15595347.569954 569954 length=151' because length (1) <= # seed mismatches (0)
Warning: skipping mate #2 of read 'SRR15595347.569954 569954 length=151' because it was < 2 characters long
Warning: skipping mate #2 of read 'SRR15595347.1433777 1433777 length=151' because length (1) <= # seed mismatches (0)
Warning: skipping mate #2 of read 'SRR15595347.1433777 1433777 length=151' because it was < 2 characters long
Warning: skipping mate #2 of read 'SRR15595347.3110248 3110248 length=151' because length (1) <= # seed mismatches (0)
Warning: skipping mate #2 of read 'SRR15595347.3110248 3110248 length=151' because it was < 2 characters long
Warning: skipping mate #2 of read 'SRR15595347.5189816 5189816 length=151' because length (1) <= # seed mismatches (0)
Warning: skipping mate #2 of read 'SRR15595347.5189816 5189816 length=151' because it was < 2 characters long
7138862 reads; of these:
  7138862 (100.00%) were paired; of these:
    1273574 (17.84%) aligned concordantly 0 times
    3527358 (49.41%) aligned concordantly exactly 1 time
    2337930 (32.75%) aligned concordantly >1 times
    ----
    1273574 pairs aligned concordantly 0 times; of these:
      640204 (50.27%) aligned discordantly 1 time
    ----
    633370 pairs aligned 0 times concordantly or discordantly; of these:
      1266740 mates make up the pairs; of these:
        89994 (7.10%) aligned 0 times
        345090 (27.24%) aligned exactly 1 time
        831656 (65.65%) aligned >1 times
99.37% overall alignment rate
