Warning: skipping mate #2 of read 'SRR15595293.708311 708311 length=151' because length (1) <= # seed mismatches (0)
Warning: skipping mate #2 of read 'SRR15595293.708311 708311 length=151' because it was < 2 characters long
Warning: skipping mate #2 of read 'SRR15595293.2282236 2282236 length=151' because length (1) <= # seed mismatches (0)
Warning: skipping mate #2 of read 'SRR15595293.2282236 2282236 length=151' because it was < 2 characters long
Warning: skipping mate #2 of read 'SRR15595293.2801216 2801216 length=151' because length (1) <= # seed mismatches (0)
Warning: skipping mate #2 of read 'SRR15595293.2801216 2801216 length=151' because it was < 2 characters long
Warning: skipping mate #2 of read 'SRR15595293.3213580 3213580 length=151' because length (1) <= # seed mismatches (0)
Warning: skipping mate #2 of read 'SRR15595293.3213580 3213580 length=151' because it was < 2 characters long
Warning: skipping mate #2 of read 'SRR15595293.3320778 3320778 length=151' because length (1) <= # seed mismatches (0)
Warning: skipping mate #2 of read 'SRR15595293.3320778 3320778 length=151' because it was < 2 characters long
Warning: skipping mate #2 of read 'SRR15595293.3649979 3649979 length=151' because length (1) <= # seed mismatches (0)
Warning: skipping mate #2 of read 'SRR15595293.3649979 3649979 length=151' because it was < 2 characters long
Warning: skipping mate #1 of read 'SRR15595293.3669961 3669961 length=151' because length (1) <= # seed mismatches (0)
Warning: skipping mate #1 of read 'SRR15595293.3669961 3669961 length=151' because it was < 2 characters long
Warning: skipping mate #2 of read 'SRR15595293.3839412 3839412 length=151' because length (1) <= # seed mismatches (0)
Warning: skipping mate #2 of read 'SRR15595293.3839412 3839412 length=151' because it was < 2 characters long
Warning: skipping mate #1 of read 'SRR15595293.4495012 4495012 length=151' because length (1) <= # seed mismatches (0)
Warning: skipping mate #1 of read 'SRR15595293.4495012 4495012 length=151' because it was < 2 characters long
Warning: skipping mate #2 of read 'SRR15595293.5583268 5583268 length=151' because length (1) <= # seed mismatches (0)
Warning: skipping mate #2 of read 'SRR15595293.5583268 5583268 length=151' because it was < 2 characters long
8072835 reads; of these:
  8072835 (100.00%) were paired; of these:
    8039615 (99.59%) aligned concordantly 0 times
    18628 (0.23%) aligned concordantly exactly 1 time
    14592 (0.18%) aligned concordantly >1 times
    ----
    8039615 pairs aligned concordantly 0 times; of these:
      1645 (0.02%) aligned discordantly 1 time
    ----
    8037970 pairs aligned 0 times concordantly or discordantly; of these:
      16075940 mates make up the pairs; of these:
        16063220 (99.92%) aligned 0 times
        5850 (0.04%) aligned exactly 1 time
        6870 (0.04%) aligned >1 times
0.51% overall alignment rate
