Warning: skipping mate #1 of read 'SRR15595271.177554 177554 length=151' because length (1) <= # seed mismatches (0)
Warning: skipping mate #1 of read 'SRR15595271.177554 177554 length=151' because it was < 2 characters long
Warning: skipping mate #2 of read 'SRR15595271.373778 373778 length=151' because length (1) <= # seed mismatches (0)
Warning: skipping mate #2 of read 'SRR15595271.373778 373778 length=151' because it was < 2 characters long
Warning: skipping mate #2 of read 'SRR15595271.1159735 1159735 length=151' because length (1) <= # seed mismatches (0)
Warning: skipping mate #2 of read 'SRR15595271.1159735 1159735 length=151' because it was < 2 characters long
Warning: skipping mate #2 of read 'SRR15595271.2418082 2418082 length=151' because length (1) <= # seed mismatches (0)
Warning: skipping mate #2 of read 'SRR15595271.2418082 2418082 length=151' because it was < 2 characters long
Warning: skipping mate #2 of read 'SRR15595271.4792186 4792186 length=151' because length (1) <= # seed mismatches (0)
Warning: skipping mate #2 of read 'SRR15595271.4792186 4792186 length=151' because it was < 2 characters long
Warning: skipping mate #2 of read 'SRR15595271.6206531 6206531 length=151' because length (1) <= # seed mismatches (0)
Warning: skipping mate #2 of read 'SRR15595271.6206531 6206531 length=151' because it was < 2 characters long
Warning: skipping mate #1 of read 'SRR15595271.7313037 7313037 length=151' because length (1) <= # seed mismatches (0)
Warning: skipping mate #1 of read 'SRR15595271.7313037 7313037 length=151' because it was < 2 characters long
Warning: skipping mate #2 of read 'SRR15595271.8238311 8238311 length=151' because length (1) <= # seed mismatches (0)
Warning: skipping mate #2 of read 'SRR15595271.8238311 8238311 length=151' because it was < 2 characters long
Warning: skipping mate #2 of read 'SRR15595271.8459414 8459414 length=151' because length (1) <= # seed mismatches (0)
Warning: skipping mate #2 of read 'SRR15595271.8459414 8459414 length=151' because it was < 2 characters long
Warning: skipping mate #2 of read 'SRR15595271.8711007 8711007 length=151' because length (1) <= # seed mismatches (0)
Warning: skipping mate #2 of read 'SRR15595271.8711007 8711007 length=151' because it was < 2 characters long
Warning: skipping mate #2 of read 'SRR15595271.9574020 9574020 length=151' because length (1) <= # seed mismatches (0)
Warning: skipping mate #2 of read 'SRR15595271.9574020 9574020 length=151' because it was < 2 characters long
Warning: skipping mate #2 of read 'SRR15595271.9813869 9813869 length=151' because length (1) <= # seed mismatches (0)
Warning: skipping mate #2 of read 'SRR15595271.9813869 9813869 length=151' because it was < 2 characters long
Warning: skipping mate #2 of read 'SRR15595271.10947720 10947720 length=151' because length (1) <= # seed mismatches (0)
Warning: skipping mate #2 of read 'SRR15595271.10947720 10947720 length=151' because it was < 2 characters long
Warning: skipping mate #2 of read 'SRR15595271.12059774 12059774 length=151' because length (1) <= # seed mismatches (0)
Warning: skipping mate #2 of read 'SRR15595271.12059774 12059774 length=151' because it was < 2 characters long
Warning: skipping mate #2 of read 'SRR15595271.12864286 12864286 length=151' because length (1) <= # seed mismatches (0)
Warning: skipping mate #2 of read 'SRR15595271.12864286 12864286 length=151' because it was < 2 characters long
Warning: skipping mate #2 of read 'SRR15595271.13381457 13381457 length=151' because length (1) <= # seed mismatches (0)
Warning: skipping mate #2 of read 'SRR15595271.13381457 13381457 length=151' because it was < 2 characters long
Warning: skipping mate #2 of read 'SRR15595271.15425326 15425326 length=151' because length (1) <= # seed mismatches (0)
Warning: skipping mate #2 of read 'SRR15595271.15425326 15425326 length=151' because it was < 2 characters long
Warning: skipping mate #2 of read 'SRR15595271.15719212 15719212 length=151' because length (1) <= # seed mismatches (0)
Warning: skipping mate #2 of read 'SRR15595271.15719212 15719212 length=151' because it was < 2 characters long
16372023 reads; of these:
  16372023 (100.00%) were paired; of these:
    16370021 (99.99%) aligned concordantly 0 times
    1032 (0.01%) aligned concordantly exactly 1 time
    970 (0.01%) aligned concordantly >1 times
    ----
    16370021 pairs aligned concordantly 0 times; of these:
      50 (0.00%) aligned discordantly 1 time
    ----
    16369971 pairs aligned 0 times concordantly or discordantly; of these:
      32739942 mates make up the pairs; of these:
        32738853 (100.00%) aligned 0 times
        476 (0.00%) aligned exactly 1 time
        613 (0.00%) aligned >1 times
0.02% overall alignment rate
