Warning: skipping mate #2 of read 'SRR15595351.905241 905241 length=151' because length (1) <= # seed mismatches (0)
Warning: skipping mate #2 of read 'SRR15595351.905241 905241 length=151' because it was < 2 characters long
Warning: skipping mate #2 of read 'SRR15595351.2460773 2460773 length=151' because length (1) <= # seed mismatches (0)
Warning: skipping mate #2 of read 'SRR15595351.2460773 2460773 length=151' because it was < 2 characters long
Warning: skipping mate #2 of read 'SRR15595351.3786359 3786359 length=151' because length (1) <= # seed mismatches (0)
Warning: skipping mate #2 of read 'SRR15595351.3786359 3786359 length=151' because it was < 2 characters long
Warning: skipping mate #2 of read 'SRR15595351.4008484 4008484 length=151' because length (1) <= # seed mismatches (0)
Warning: skipping mate #2 of read 'SRR15595351.4008484 4008484 length=151' because it was < 2 characters long
Warning: skipping mate #2 of read 'SRR15595351.7387042 7387042 length=151' because length (1) <= # seed mismatches (0)
Warning: skipping mate #2 of read 'SRR15595351.7387042 7387042 length=151' because it was < 2 characters long
Warning: skipping mate #2 of read 'SRR15595351.7672733 7672733 length=151' because length (1) <= # seed mismatches (0)
Warning: skipping mate #2 of read 'SRR15595351.7672733 7672733 length=151' because it was < 2 characters long
Warning: skipping mate #2 of read 'SRR15595351.7714409 7714409 length=151' because length (1) <= # seed mismatches (0)
Warning: skipping mate #2 of read 'SRR15595351.7714409 7714409 length=151' because it was < 2 characters long
Warning: skipping mate #2 of read 'SRR15595351.8304866 8304866 length=151' because length (1) <= # seed mismatches (0)
Warning: skipping mate #2 of read 'SRR15595351.8304866 8304866 length=151' because it was < 2 characters long
Warning: skipping mate #2 of read 'SRR15595351.9379292 9379292 length=151' because length (1) <= # seed mismatches (0)
Warning: skipping mate #2 of read 'SRR15595351.9379292 9379292 length=151' because it was < 2 characters long
Warning: skipping mate #2 of read 'SRR15595351.9675867 9675867 length=151' because length (1) <= # seed mismatches (0)
Warning: skipping mate #2 of read 'SRR15595351.9675867 9675867 length=151' because it was < 2 characters long
11765005 reads; of these:
  11765005 (100.00%) were paired; of these:
    2704979 (22.99%) aligned concordantly 0 times
    5325436 (45.27%) aligned concordantly exactly 1 time
    3734590 (31.74%) aligned concordantly >1 times
    ----
    2704979 pairs aligned concordantly 0 times; of these:
      1262635 (46.68%) aligned discordantly 1 time
    ----
    1442344 pairs aligned 0 times concordantly or discordantly; of these:
      2884688 mates make up the pairs; of these:
        287989 (9.98%) aligned 0 times
        796438 (27.61%) aligned exactly 1 time
        1800261 (62.41%) aligned >1 times
98.78% overall alignment rate
