Warning: skipping mate #2 of read 'SRR15595329.2053250 2053250 length=151' because length (1) <= # seed mismatches (0)
Warning: skipping mate #2 of read 'SRR15595329.2053250 2053250 length=151' because it was < 2 characters long
Warning: skipping mate #2 of read 'SRR15595329.2641374 2641374 length=151' because length (1) <= # seed mismatches (0)
Warning: skipping mate #2 of read 'SRR15595329.2641374 2641374 length=151' because it was < 2 characters long
Warning: skipping mate #2 of read 'SRR15595329.3640490 3640490 length=151' because length (1) <= # seed mismatches (0)
Warning: skipping mate #2 of read 'SRR15595329.3640490 3640490 length=151' because it was < 2 characters long
Warning: skipping mate #2 of read 'SRR15595329.4422348 4422348 length=151' because length (1) <= # seed mismatches (0)
Warning: skipping mate #2 of read 'SRR15595329.4422348 4422348 length=151' because it was < 2 characters long
5662626 reads; of these:
  5662626 (100.00%) were paired; of these:
    1150322 (20.31%) aligned concordantly 0 times
    2575303 (45.48%) aligned concordantly exactly 1 time
    1937001 (34.21%) aligned concordantly >1 times
    ----
    1150322 pairs aligned concordantly 0 times; of these:
      534284 (46.45%) aligned discordantly 1 time
    ----
    616038 pairs aligned 0 times concordantly or discordantly; of these:
      1232076 mates make up the pairs; of these:
        83387 (6.77%) aligned 0 times
        334857 (27.18%) aligned exactly 1 time
        813832 (66.05%) aligned >1 times
99.26% overall alignment rate
