Warning: skipping mate #2 of read 'SRR15595256.307183 307183 length=151' because length (1) <= # seed mismatches (0)
Warning: skipping mate #2 of read 'SRR15595256.307183 307183 length=151' because it was < 2 characters long
Warning: skipping mate #2 of read 'SRR15595256.332585 332585 length=151' because length (1) <= # seed mismatches (0)
Warning: skipping mate #2 of read 'SRR15595256.332585 332585 length=151' because it was < 2 characters long
Warning: skipping mate #2 of read 'SRR15595256.481352 481352 length=151' because length (1) <= # seed mismatches (0)
Warning: skipping mate #2 of read 'SRR15595256.481352 481352 length=151' because it was < 2 characters long
Warning: skipping mate #2 of read 'SRR15595256.1154485 1154485 length=151' because length (1) <= # seed mismatches (0)
Warning: skipping mate #2 of read 'SRR15595256.1154485 1154485 length=151' because it was < 2 characters long
Warning: skipping mate #2 of read 'SRR15595256.7397862 7397862 length=151' because length (1) <= # seed mismatches (0)
Warning: skipping mate #2 of read 'SRR15595256.7397862 7397862 length=151' because it was < 2 characters long
Warning: skipping mate #2 of read 'SRR15595256.15619775 15619775 length=151' because length (1) <= # seed mismatches (0)
Warning: skipping mate #2 of read 'SRR15595256.15619775 15619775 length=151' because it was < 2 characters long
Warning: skipping mate #2 of read 'SRR15595256.21017747 21017747 length=151' because length (1) <= # seed mismatches (0)
Warning: skipping mate #2 of read 'SRR15595256.21017747 21017747 length=151' because it was < 2 characters long
Warning: skipping mate #2 of read 'SRR15595256.21192493 21192493 length=151' because length (1) <= # seed mismatches (0)
Warning: skipping mate #2 of read 'SRR15595256.21192493 21192493 length=151' because it was < 2 characters long
Warning: skipping mate #2 of read 'SRR15595256.21568581 21568581 length=151' because length (1) <= # seed mismatches (0)
Warning: skipping mate #2 of read 'SRR15595256.21568581 21568581 length=151' because it was < 2 characters long
23843018 reads; of these:
  23843018 (100.00%) were paired; of these:
    3514390 (14.74%) aligned concordantly 0 times
    12031042 (50.46%) aligned concordantly exactly 1 time
    8297586 (34.80%) aligned concordantly >1 times
    ----
    3514390 pairs aligned concordantly 0 times; of these:
      1752441 (49.86%) aligned discordantly 1 time
    ----
    1761949 pairs aligned 0 times concordantly or discordantly; of these:
      3523898 mates make up the pairs; of these:
        211046 (5.99%) aligned 0 times
        961820 (27.29%) aligned exactly 1 time
        2351032 (66.72%) aligned >1 times
99.56% overall alignment rate
