Warning: skipping mate #2 of read 'SRR15595334.206129 206129 length=151' because length (1) <= # seed mismatches (0)
Warning: skipping mate #2 of read 'SRR15595334.206129 206129 length=151' because it was < 2 characters long
Warning: skipping mate #2 of read 'SRR15595334.1545811 1545811 length=151' because length (1) <= # seed mismatches (0)
Warning: skipping mate #2 of read 'SRR15595334.1545811 1545811 length=151' because it was < 2 characters long
Warning: skipping mate #2 of read 'SRR15595334.9194740 9194740 length=151' because length (1) <= # seed mismatches (0)
Warning: skipping mate #2 of read 'SRR15595334.9194740 9194740 length=151' because it was < 2 characters long
Warning: skipping mate #2 of read 'SRR15595334.15576829 15576829 length=151' because length (1) <= # seed mismatches (0)
Warning: skipping mate #2 of read 'SRR15595334.15576829 15576829 length=151' because it was < 2 characters long
Warning: skipping mate #2 of read 'SRR15595334.15968721 15968721 length=151' because length (1) <= # seed mismatches (0)
Warning: skipping mate #2 of read 'SRR15595334.15968721 15968721 length=151' because it was < 2 characters long
Warning: skipping mate #2 of read 'SRR15595334.17153339 17153339 length=151' because length (1) <= # seed mismatches (0)
Warning: skipping mate #2 of read 'SRR15595334.17153339 17153339 length=151' because it was < 2 characters long
17372431 reads; of these:
  17372431 (100.00%) were paired; of these:
    2209252 (12.72%) aligned concordantly 0 times
    8757090 (50.41%) aligned concordantly exactly 1 time
    6406089 (36.88%) aligned concordantly >1 times
    ----
    2209252 pairs aligned concordantly 0 times; of these:
      1058722 (47.92%) aligned discordantly 1 time
    ----
    1150530 pairs aligned 0 times concordantly or discordantly; of these:
      2301060 mates make up the pairs; of these:
        150166 (6.53%) aligned 0 times
        621816 (27.02%) aligned exactly 1 time
        1529078 (66.45%) aligned >1 times
99.57% overall alignment rate
