Warning: skipping mate #2 of read 'SRR15595311.1806468 1806468 length=151' because length (1) <= # seed mismatches (0)
Warning: skipping mate #2 of read 'SRR15595311.1806468 1806468 length=151' because it was < 2 characters long
Warning: skipping mate #2 of read 'SRR15595311.1833807 1833807 length=151' because length (1) <= # seed mismatches (0)
Warning: skipping mate #2 of read 'SRR15595311.1833807 1833807 length=151' because it was < 2 characters long
Warning: skipping mate #1 of read 'SRR15595311.2134818 2134818 length=151' because length (1) <= # seed mismatches (0)
Warning: skipping mate #1 of read 'SRR15595311.2134818 2134818 length=151' because it was < 2 characters long
Warning: skipping mate #2 of read 'SRR15595311.2508467 2508467 length=151' because length (1) <= # seed mismatches (0)
Warning: skipping mate #2 of read 'SRR15595311.2508467 2508467 length=151' because it was < 2 characters long
Warning: skipping mate #2 of read 'SRR15595311.3668911 3668911 length=151' because length (1) <= # seed mismatches (0)
Warning: skipping mate #2 of read 'SRR15595311.3668911 3668911 length=151' because it was < 2 characters long
Warning: skipping mate #2 of read 'SRR15595311.4163252 4163252 length=151' because length (1) <= # seed mismatches (0)
Warning: skipping mate #2 of read 'SRR15595311.4163252 4163252 length=151' because it was < 2 characters long
Warning: skipping mate #2 of read 'SRR15595311.4657270 4657270 length=151' because length (1) <= # seed mismatches (0)
Warning: skipping mate #2 of read 'SRR15595311.4657270 4657270 length=151' because it was < 2 characters long
Warning: skipping mate #2 of read 'SRR15595311.4881304 4881304 length=151' because length (1) <= # seed mismatches (0)
Warning: skipping mate #2 of read 'SRR15595311.4881304 4881304 length=151' because it was < 2 characters long
Warning: skipping mate #2 of read 'SRR15595311.5376599 5376599 length=151' because length (1) <= # seed mismatches (0)
Warning: skipping mate #2 of read 'SRR15595311.5376599 5376599 length=151' because it was < 2 characters long
6353223 reads; of these:
  6353223 (100.00%) were paired; of these:
    6322812 (99.52%) aligned concordantly 0 times
    17193 (0.27%) aligned concordantly exactly 1 time
    13218 (0.21%) aligned concordantly >1 times
    ----
    6322812 pairs aligned concordantly 0 times; of these:
      988 (0.02%) aligned discordantly 1 time
    ----
    6321824 pairs aligned 0 times concordantly or discordantly; of these:
      12643648 mates make up the pairs; of these:
        12635991 (99.94%) aligned 0 times
        3660 (0.03%) aligned exactly 1 time
        3997 (0.03%) aligned >1 times
0.55% overall alignment rate
