Warning: skipping mate #2 of read 'SRR15595352.408249 408249 length=151' because length (1) <= # seed mismatches (0)
Warning: skipping mate #2 of read 'SRR15595352.408249 408249 length=151' because it was < 2 characters long
Warning: skipping mate #2 of read 'SRR15595352.4963786 4963786 length=151' because length (1) <= # seed mismatches (0)
Warning: skipping mate #2 of read 'SRR15595352.4963786 4963786 length=151' because it was < 2 characters long
Warning: skipping mate #1 of read 'SRR15595352.5001416 5001416 length=151' because length (1) <= # seed mismatches (0)
Warning: skipping mate #2 of read 'SRR15595352.5001416 5001416 length=151' because length (1) <= # seed mismatches (0)
Warning: skipping mate #1 of read 'SRR15595352.5001416 5001416 length=151' because it was < 2 characters long
Warning: skipping mate #2 of read 'SRR15595352.5001416 5001416 length=151' because it was < 2 characters long
7579675 reads; of these:
  7579675 (100.00%) were paired; of these:
    1094450 (14.44%) aligned concordantly 0 times
    3745350 (49.41%) aligned concordantly exactly 1 time
    2739875 (36.15%) aligned concordantly >1 times
    ----
    1094450 pairs aligned concordantly 0 times; of these:
      536322 (49.00%) aligned discordantly 1 time
    ----
    558128 pairs aligned 0 times concordantly or discordantly; of these:
      1116256 mates make up the pairs; of these:
        74118 (6.64%) aligned 0 times
        302309 (27.08%) aligned exactly 1 time
        739829 (66.28%) aligned >1 times
99.51% overall alignment rate
