Warning: skipping mate #1 of read 'SRR15595246.603789 603789 length=151' because length (1) <= # seed mismatches (0)
Warning: skipping mate #1 of read 'SRR15595246.603789 603789 length=151' because it was < 2 characters long
Warning: skipping mate #2 of read 'SRR15595246.3266766 3266766 length=151' because length (1) <= # seed mismatches (0)
Warning: skipping mate #2 of read 'SRR15595246.3266766 3266766 length=151' because it was < 2 characters long
Warning: skipping mate #2 of read 'SRR15595246.3789121 3789121 length=151' because length (1) <= # seed mismatches (0)
Warning: skipping mate #2 of read 'SRR15595246.3789121 3789121 length=151' because it was < 2 characters long
Warning: skipping mate #2 of read 'SRR15595246.9744643 9744643 length=151' because length (1) <= # seed mismatches (0)
Warning: skipping mate #2 of read 'SRR15595246.9744643 9744643 length=151' because it was < 2 characters long
Warning: skipping mate #2 of read 'SRR15595246.10706663 10706663 length=151' because length (1) <= # seed mismatches (0)
Warning: skipping mate #2 of read 'SRR15595246.10706663 10706663 length=151' because it was < 2 characters long
Warning: skipping mate #2 of read 'SRR15595246.15615271 15615271 length=151' because length (1) <= # seed mismatches (0)
Warning: skipping mate #2 of read 'SRR15595246.15615271 15615271 length=151' because it was < 2 characters long
Warning: skipping mate #2 of read 'SRR15595246.16130752 16130752 length=151' because length (1) <= # seed mismatches (0)
Warning: skipping mate #2 of read 'SRR15595246.16130752 16130752 length=151' because it was < 2 characters long
Warning: skipping mate #1 of read 'SRR15595246.16958490 16958490 length=151' because length (1) <= # seed mismatches (0)
Warning: skipping mate #2 of read 'SRR15595246.16958490 16958490 length=151' because length (1) <= # seed mismatches (0)
Warning: skipping mate #1 of read 'SRR15595246.16958490 16958490 length=151' because it was < 2 characters long
Warning: skipping mate #2 of read 'SRR15595246.16958490 16958490 length=151' because it was < 2 characters long
Warning: skipping mate #1 of read 'SRR15595246.18100298 18100298 length=151' because length (1) <= # seed mismatches (0)
Warning: skipping mate #2 of read 'SRR15595246.18100298 18100298 length=151' because length (1) <= # seed mismatches (0)
Warning: skipping mate #1 of read 'SRR15595246.18100298 18100298 length=151' because it was < 2 characters long
Warning: skipping mate #2 of read 'SRR15595246.18100298 18100298 length=151' because it was < 2 characters long
Warning: skipping mate #2 of read 'SRR15595246.18302168 18302168 length=151' because length (1) <= # seed mismatches (0)
Warning: skipping mate #2 of read 'SRR15595246.18311336 18311336 length=151' because length (1) <= # seed mismatches (0)
Warning: skipping mate #2 of read 'SRR15595246.18302168 18302168 length=151' because it was < 2 characters long
Warning: skipping mate #2 of read 'SRR15595246.18311336 18311336 length=151' because it was < 2 characters long
18319955 reads; of these:
  18319955 (100.00%) were paired; of these:
    18315699 (99.98%) aligned concordantly 0 times
    2115 (0.01%) aligned concordantly exactly 1 time
    2141 (0.01%) aligned concordantly >1 times
    ----
    18315699 pairs aligned concordantly 0 times; of these:
      61 (0.00%) aligned discordantly 1 time
    ----
    18315638 pairs aligned 0 times concordantly or discordantly; of these:
      36631276 mates make up the pairs; of these:
        36629758 (100.00%) aligned 0 times
        662 (0.00%) aligned exactly 1 time
        856 (0.00%) aligned >1 times
0.03% overall alignment rate
