Warning: skipping mate #2 of read 'SRR15595348.3821308 3821308 length=151' because length (1) <= # seed mismatches (0)
Warning: skipping mate #2 of read 'SRR15595348.3821308 3821308 length=151' because it was < 2 characters long
Warning: skipping mate #1 of read 'SRR15595348.6394261 6394261 length=151' because length (1) <= # seed mismatches (0)
Warning: skipping mate #2 of read 'SRR15595348.6394261 6394261 length=151' because length (1) <= # seed mismatches (0)
Warning: skipping mate #1 of read 'SRR15595348.6394261 6394261 length=151' because it was < 2 characters long
Warning: skipping mate #2 of read 'SRR15595348.6394261 6394261 length=151' because it was < 2 characters long
6463103 reads; of these:
  6463103 (100.00%) were paired; of these:
    898364 (13.90%) aligned concordantly 0 times
    3159034 (48.88%) aligned concordantly exactly 1 time
    2405705 (37.22%) aligned concordantly >1 times
    ----
    898364 pairs aligned concordantly 0 times; of these:
      446773 (49.73%) aligned discordantly 1 time
    ----
    451591 pairs aligned 0 times concordantly or discordantly; of these:
      903182 mates make up the pairs; of these:
        65612 (7.26%) aligned 0 times
        237161 (26.26%) aligned exactly 1 time
        600409 (66.48%) aligned >1 times
99.49% overall alignment rate
