Warning: skipping mate #2 of read 'SRR15595267.492971 492971 length=151' because length (1) <= # seed mismatches (0)
Warning: skipping mate #2 of read 'SRR15595267.492971 492971 length=151' because it was < 2 characters long
Warning: skipping mate #2 of read 'SRR15595267.1592109 1592109 length=151' because length (1) <= # seed mismatches (0)
Warning: skipping mate #2 of read 'SRR15595267.1592109 1592109 length=151' because it was < 2 characters long
Warning: skipping mate #2 of read 'SRR15595267.2312295 2312295 length=151' because length (1) <= # seed mismatches (0)
Warning: skipping mate #2 of read 'SRR15595267.2312295 2312295 length=151' because it was < 2 characters long
Warning: skipping mate #2 of read 'SRR15595267.3844428 3844428 length=151' because length (1) <= # seed mismatches (0)
Warning: skipping mate #2 of read 'SRR15595267.3844428 3844428 length=151' because it was < 2 characters long
Warning: skipping mate #2 of read 'SRR15595267.4864122 4864122 length=151' because length (1) <= # seed mismatches (0)
Warning: skipping mate #2 of read 'SRR15595267.4864122 4864122 length=151' because it was < 2 characters long
5430672 reads; of these:
  5430672 (100.00%) were paired; of these:
    5420065 (99.80%) aligned concordantly 0 times
    6234 (0.11%) aligned concordantly exactly 1 time
    4373 (0.08%) aligned concordantly >1 times
    ----
    5420065 pairs aligned concordantly 0 times; of these:
      365 (0.01%) aligned discordantly 1 time
    ----
    5419700 pairs aligned 0 times concordantly or discordantly; of these:
      10839400 mates make up the pairs; of these:
        10834388 (99.95%) aligned 0 times
        2550 (0.02%) aligned exactly 1 time
        2462 (0.02%) aligned >1 times
0.25% overall alignment rate
