Warning: skipping mate #2 of read 'SRR15595257.905984 905984 length=151' because length (1) <= # seed mismatches (0)
Warning: skipping mate #2 of read 'SRR15595257.905984 905984 length=151' because it was < 2 characters long
Warning: skipping mate #2 of read 'SRR15595257.2669801 2669801 length=151' because length (1) <= # seed mismatches (0)
Warning: skipping mate #2 of read 'SRR15595257.2669801 2669801 length=151' because it was < 2 characters long
Warning: skipping mate #2 of read 'SRR15595257.3251569 3251569 length=151' because length (1) <= # seed mismatches (0)
Warning: skipping mate #2 of read 'SRR15595257.3251569 3251569 length=151' because it was < 2 characters long
Warning: skipping mate #2 of read 'SRR15595257.4003059 4003059 length=151' because length (1) <= # seed mismatches (0)
Warning: skipping mate #2 of read 'SRR15595257.4003059 4003059 length=151' because it was < 2 characters long
Warning: skipping mate #2 of read 'SRR15595257.6880425 6880425 length=151' because length (1) <= # seed mismatches (0)
Warning: skipping mate #2 of read 'SRR15595257.6880425 6880425 length=151' because it was < 2 characters long
Warning: skipping mate #2 of read 'SRR15595257.7125811 7125811 length=151' because length (1) <= # seed mismatches (0)
Warning: skipping mate #2 of read 'SRR15595257.7125811 7125811 length=151' because it was < 2 characters long
Warning: skipping mate #2 of read 'SRR15595257.7841532 7841532 length=151' because length (1) <= # seed mismatches (0)
Warning: skipping mate #2 of read 'SRR15595257.7841532 7841532 length=151' because it was < 2 characters long
Warning: skipping mate #2 of read 'SRR15595257.8125465 8125465 length=151' because length (1) <= # seed mismatches (0)
Warning: skipping mate #2 of read 'SRR15595257.8125465 8125465 length=151' because it was < 2 characters long
Warning: skipping mate #2 of read 'SRR15595257.8893524 8893524 length=151' because length (1) <= # seed mismatches (0)
Warning: skipping mate #2 of read 'SRR15595257.8893524 8893524 length=151' because it was < 2 characters long
Warning: skipping mate #2 of read 'SRR15595257.16444874 16444874 length=151' because length (1) <= # seed mismatches (0)
Warning: skipping mate #2 of read 'SRR15595257.16444874 16444874 length=151' because it was < 2 characters long
Warning: skipping mate #2 of read 'SRR15595257.16506288 16506288 length=151' because length (1) <= # seed mismatches (0)
Warning: skipping mate #2 of read 'SRR15595257.16506288 16506288 length=151' because it was < 2 characters long
17389271 reads; of these:
  17389271 (100.00%) were paired; of these:
    17387325 (99.99%) aligned concordantly 0 times
    963 (0.01%) aligned concordantly exactly 1 time
    983 (0.01%) aligned concordantly >1 times
    ----
    17387325 pairs aligned concordantly 0 times; of these:
      24 (0.00%) aligned discordantly 1 time
    ----
    17387301 pairs aligned 0 times concordantly or discordantly; of these:
      34774602 mates make up the pairs; of these:
        34773184 (100.00%) aligned 0 times
        684 (0.00%) aligned exactly 1 time
        734 (0.00%) aligned >1 times
0.02% overall alignment rate
