Warning: skipping mate #2 of read 'SRR15595301.2051529 2051529 length=151' because length (1) <= # seed mismatches (0)
Warning: skipping mate #2 of read 'SRR15595301.2051529 2051529 length=151' because it was < 2 characters long
Warning: skipping mate #2 of read 'SRR15595301.5360610 5360610 length=151' because length (1) <= # seed mismatches (0)
Warning: skipping mate #2 of read 'SRR15595301.5360610 5360610 length=151' because it was < 2 characters long
Warning: skipping mate #2 of read 'SRR15595301.11081314 11081314 length=151' because length (1) <= # seed mismatches (0)
Warning: skipping mate #2 of read 'SRR15595301.11081314 11081314 length=151' because it was < 2 characters long
Warning: skipping mate #2 of read 'SRR15595301.13531843 13531843 length=151' because length (1) <= # seed mismatches (0)
Warning: skipping mate #2 of read 'SRR15595301.13531843 13531843 length=151' because it was < 2 characters long
13711048 reads; of these:
  13711048 (100.00%) were paired; of these:
    13710239 (99.99%) aligned concordantly 0 times
    389 (0.00%) aligned concordantly exactly 1 time
    420 (0.00%) aligned concordantly >1 times
    ----
    13710239 pairs aligned concordantly 0 times; of these:
      14 (0.00%) aligned discordantly 1 time
    ----
    13710225 pairs aligned 0 times concordantly or discordantly; of these:
      27420450 mates make up the pairs; of these:
        27419145 (100.00%) aligned 0 times
        638 (0.00%) aligned exactly 1 time
        667 (0.00%) aligned >1 times
0.01% overall alignment rate
