Warning: skipping mate #2 of read 'SRR15595328.1964872 1964872 length=151' because length (1) <= # seed mismatches (0)
Warning: skipping mate #2 of read 'SRR15595328.1964872 1964872 length=151' because it was < 2 characters long
Warning: skipping mate #2 of read 'SRR15595328.2007068 2007068 length=151' because length (1) <= # seed mismatches (0)
Warning: skipping mate #2 of read 'SRR15595328.2007068 2007068 length=151' because it was < 2 characters long
Warning: skipping mate #2 of read 'SRR15595328.4971143 4971143 length=151' because length (1) <= # seed mismatches (0)
Warning: skipping mate #2 of read 'SRR15595328.4971143 4971143 length=151' because it was < 2 characters long
5847155 reads; of these:
  5847155 (100.00%) were paired; of these:
    846307 (14.47%) aligned concordantly 0 times
    2821415 (48.25%) aligned concordantly exactly 1 time
    2179433 (37.27%) aligned concordantly >1 times
    ----
    846307 pairs aligned concordantly 0 times; of these:
      404977 (47.85%) aligned discordantly 1 time
    ----
    441330 pairs aligned 0 times concordantly or discordantly; of these:
      882660 mates make up the pairs; of these:
        58381 (6.61%) aligned 0 times
        235918 (26.73%) aligned exactly 1 time
        588361 (66.66%) aligned >1 times
99.50% overall alignment rate
