Warning: skipping mate #2 of read 'SRR15595353.948614 948614 length=151' because length (1) <= # seed mismatches (0)
Warning: skipping mate #2 of read 'SRR15595353.948614 948614 length=151' because it was < 2 characters long
Warning: skipping mate #2 of read 'SRR15595353.5533198 5533198 length=151' because length (1) <= # seed mismatches (0)
Warning: skipping mate #2 of read 'SRR15595353.5533198 5533198 length=151' because it was < 2 characters long
Warning: skipping mate #2 of read 'SRR15595353.7416610 7416610 length=151' because length (1) <= # seed mismatches (0)
Warning: skipping mate #2 of read 'SRR15595353.7416610 7416610 length=151' because it was < 2 characters long
7821480 reads; of these:
  7821480 (100.00%) were paired; of these:
    1249277 (15.97%) aligned concordantly 0 times
    3795012 (48.52%) aligned concordantly exactly 1 time
    2777191 (35.51%) aligned concordantly >1 times
    ----
    1249277 pairs aligned concordantly 0 times; of these:
      615618 (49.28%) aligned discordantly 1 time
    ----
    633659 pairs aligned 0 times concordantly or discordantly; of these:
      1267318 mates make up the pairs; of these:
        79365 (6.26%) aligned 0 times
        338526 (26.71%) aligned exactly 1 time
        849427 (67.03%) aligned >1 times
99.49% overall alignment rate
