Warning: skipping mate #1 of read 'SRR15595249.844065 844065 length=151' because length (1) <= # seed mismatches (0)
Warning: skipping mate #1 of read 'SRR15595249.844065 844065 length=151' because it was < 2 characters long
Warning: skipping mate #2 of read 'SRR15595249.850176 850176 length=151' because length (1) <= # seed mismatches (0)
Warning: skipping mate #2 of read 'SRR15595249.850176 850176 length=151' because it was < 2 characters long
Warning: skipping mate #2 of read 'SRR15595249.1968572 1968572 length=151' because length (1) <= # seed mismatches (0)
Warning: skipping mate #2 of read 'SRR15595249.1968572 1968572 length=151' because it was < 2 characters long
Warning: skipping mate #1 of read 'SRR15595249.4745097 4745097 length=151' because length (1) <= # seed mismatches (0)
Warning: skipping mate #1 of read 'SRR15595249.4745097 4745097 length=151' because it was < 2 characters long
Warning: skipping mate #1 of read 'SRR15595249.4747513 4747513 length=151' because length (1) <= # seed mismatches (0)
Warning: skipping mate #1 of read 'SRR15595249.4747513 4747513 length=151' because it was < 2 characters long
9649238 reads; of these:
  9649238 (100.00%) were paired; of these:
    9648468 (99.99%) aligned concordantly 0 times
    355 (0.00%) aligned concordantly exactly 1 time
    415 (0.00%) aligned concordantly >1 times
    ----
    9648468 pairs aligned concordantly 0 times; of these:
      11 (0.00%) aligned discordantly 1 time
    ----
    9648457 pairs aligned 0 times concordantly or discordantly; of these:
      19296914 mates make up the pairs; of these:
        19296248 (100.00%) aligned 0 times
        316 (0.00%) aligned exactly 1 time
        350 (0.00%) aligned >1 times
0.01% overall alignment rate
