Warning: skipping mate #2 of read 'SRR15595295.48477 48477 length=151' because length (1) <= # seed mismatches (0)
Warning: skipping mate #2 of read 'SRR15595295.48477 48477 length=151' because it was < 2 characters long
Warning: skipping mate #1 of read 'SRR15595295.7348452 7348452 length=151' because length (1) <= # seed mismatches (0)
Warning: skipping mate #1 of read 'SRR15595295.7348452 7348452 length=151' because it was < 2 characters long
Warning: skipping mate #2 of read 'SRR15595295.8926930 8926930 length=151' because length (1) <= # seed mismatches (0)
Warning: skipping mate #2 of read 'SRR15595295.8926930 8926930 length=151' because it was < 2 characters long
Warning: skipping mate #2 of read 'SRR15595295.9416854 9416854 length=151' because length (1) <= # seed mismatches (0)
Warning: skipping mate #2 of read 'SRR15595295.9416854 9416854 length=151' because it was < 2 characters long
Warning: skipping mate #2 of read 'SRR15595295.14817687 14817687 length=151' because length (1) <= # seed mismatches (0)
Warning: skipping mate #2 of read 'SRR15595295.14817687 14817687 length=151' because it was < 2 characters long
Warning: skipping mate #2 of read 'SRR15595295.20864917 20864917 length=151' because length (1) <= # seed mismatches (0)
Warning: skipping mate #2 of read 'SRR15595295.20864917 20864917 length=151' because it was < 2 characters long
22231263 reads; of these:
  22231263 (100.00%) were paired; of these:
    22227833 (99.98%) aligned concordantly 0 times
    1654 (0.01%) aligned concordantly exactly 1 time
    1776 (0.01%) aligned concordantly >1 times
    ----
    22227833 pairs aligned concordantly 0 times; of these:
      38 (0.00%) aligned discordantly 1 time
    ----
    22227795 pairs aligned 0 times concordantly or discordantly; of these:
      44455590 mates make up the pairs; of these:
        44453835 (100.00%) aligned 0 times
        540 (0.00%) aligned exactly 1 time
        1215 (0.00%) aligned >1 times
0.02% overall alignment rate
