Warning: skipping mate #2 of read 'SRR15595333.2583154 2583154 length=151' because length (1) <= # seed mismatches (0)
Warning: skipping mate #2 of read 'SRR15595333.2583154 2583154 length=151' because it was < 2 characters long
Warning: skipping mate #2 of read 'SRR15595333.4859697 4859697 length=151' because length (1) <= # seed mismatches (0)
Warning: skipping mate #2 of read 'SRR15595333.4859697 4859697 length=151' because it was < 2 characters long
Warning: skipping mate #2 of read 'SRR15595333.5267396 5267396 length=151' because length (1) <= # seed mismatches (0)
Warning: skipping mate #2 of read 'SRR15595333.5267396 5267396 length=151' because it was < 2 characters long
Warning: skipping mate #2 of read 'SRR15595333.6460924 6460924 length=151' because length (1) <= # seed mismatches (0)
Warning: skipping mate #2 of read 'SRR15595333.6460924 6460924 length=151' because it was < 2 characters long
Warning: skipping mate #2 of read 'SRR15595333.7921137 7921137 length=151' because length (1) <= # seed mismatches (0)
Warning: skipping mate #2 of read 'SRR15595333.7921137 7921137 length=151' because it was < 2 characters long
Warning: skipping mate #2 of read 'SRR15595333.12735027 12735027 length=151' because length (1) <= # seed mismatches (0)
Warning: skipping mate #2 of read 'SRR15595333.12735027 12735027 length=151' because it was < 2 characters long
Warning: skipping mate #2 of read 'SRR15595333.13432929 13432929 length=151' because length (1) <= # seed mismatches (0)
Warning: skipping mate #2 of read 'SRR15595333.13432929 13432929 length=151' because it was < 2 characters long
16398991 reads; of these:
  16398991 (100.00%) were paired; of these:
    2343488 (14.29%) aligned concordantly 0 times
    7926701 (48.34%) aligned concordantly exactly 1 time
    6128802 (37.37%) aligned concordantly >1 times
    ----
    2343488 pairs aligned concordantly 0 times; of these:
      1103974 (47.11%) aligned discordantly 1 time
    ----
    1239514 pairs aligned 0 times concordantly or discordantly; of these:
      2479028 mates make up the pairs; of these:
        157179 (6.34%) aligned 0 times
        670734 (27.06%) aligned exactly 1 time
        1651115 (66.60%) aligned >1 times
99.52% overall alignment rate
