Warning: skipping mate #2 of read 'SRR15595327.3366990 3366990 length=151' because length (1) <= # seed mismatches (0)
Warning: skipping mate #2 of read 'SRR15595327.3366990 3366990 length=151' because it was < 2 characters long
Warning: skipping mate #2 of read 'SRR15595327.4654933 4654933 length=151' because length (1) <= # seed mismatches (0)
Warning: skipping mate #2 of read 'SRR15595327.4654933 4654933 length=151' because it was < 2 characters long
Warning: skipping mate #2 of read 'SRR15595327.5485490 5485490 length=151' because length (1) <= # seed mismatches (0)
Warning: skipping mate #2 of read 'SRR15595327.5485490 5485490 length=151' because it was < 2 characters long
6767390 reads; of these:
  6767390 (100.00%) were paired; of these:
    893629 (13.20%) aligned concordantly 0 times
    3305102 (48.84%) aligned concordantly exactly 1 time
    2568659 (37.96%) aligned concordantly >1 times
    ----
    893629 pairs aligned concordantly 0 times; of these:
      430259 (48.15%) aligned discordantly 1 time
    ----
    463370 pairs aligned 0 times concordantly or discordantly; of these:
      926740 mates make up the pairs; of these:
        61253 (6.61%) aligned 0 times
        249097 (26.88%) aligned exactly 1 time
        616390 (66.51%) aligned >1 times
99.55% overall alignment rate
